[debug] [2023-12-27T05:21:02.868Z] ----------------------------------------------------------------------
[debug] [2023-12-27T05:21:02.872Z] Command:       C:\Program Files\nodejs\node.exe C:\Users\BAPS\AppData\Roaming\npm\node_modules\firebase-tools\lib\bin\firebase.js init
[debug] [2023-12-27T05:21:02.872Z] CLI Version:   13.0.2
[debug] [2023-12-27T05:21:02.873Z] Platform:      win32
[debug] [2023-12-27T05:21:02.873Z] Node Version:  v20.10.0
[debug] [2023-12-27T05:21:02.873Z] Time:          Wed Dec 27 2023 10:51:02 GMT+0530 (India Standard Time)
[debug] [2023-12-27T05:21:02.873Z] ----------------------------------------------------------------------
[debug] 
[debug] [2023-12-27T05:21:02.990Z] > command requires scopes: ["email","openid","https://www.googleapis.com/auth/cloudplatformprojects.readonly","https://www.googleapis.com/auth/firebase","https://www.googleapis.com/auth/cloud-platform"]
[debug] [2023-12-27T05:21:02.991Z] > authorizing via signed-in user (thenexttechnology.tech@gmail.com)
[info] 
     ######## #### ########  ######## ########     ###     ######  ########
     ##        ##  ##     ## ##       ##     ##  ##   ##  ##       ##
     ######    ##  ########  ######   ########  #########  ######  ######
     ##        ##  ##    ##  ##       ##     ## ##     ##       ## ##
     ##       #### ##     ## ######## ########  ##     ##  ######  ########

You're about to initialize a Firebase project in this directory:

  D:\Hardik\RJApi\RjFrontEnd

Before we get started, keep in mind:

  * You are initializing within an existing Firebase project directory

